[pusse/index.html]
[backblue.gif]
[fade.gif]
[index.html]
[pusse/files/favicon-16x16.png]
[pusse/files/favicon-32x32.png]
[pusse/files/photo_2024-03-27_20-09-02.jpg]
[static.parastorage.com/services/wix-thunderbolt/dist/main.c1956e3f.min.css]
[pusse/files/33fc2a_d2e62434a7654c0d99e7fc4b81344f09_mv2.png]
[pusse/files/photo_2024-03-27_20-09-00.jpg]
[pusse/files/33fc2a_d3c3b36d2cee45cc8aadd69c3a970076_mv2.png]
[pusse/files/33fc2a_5ec479b0dd4d4599aa08042d74e17902_mv2.png]
[static.wixstatic.com/media/33fc2a_7f7db7514dfa45d49059229b841a1c1e_mv2.png/v1/fill/w_642,h_137,al_c,lg_1,q_85,enc_auto/Untitled-20.png]
[pusse/files/photo_2024-03-27_20-09-09.jpg]
[pusse/files/photo_2024-03-29_01-12-38.jpg]
[static.wixstatic.com/media/33fc2a_d5cf53b54abe4d888210dd69d057a117_mv2.png/v1/fill/w_777,h_123,al_c,lg_1,q_85,enc_auto/33fc2a_d5cf53b54abe4d888210dd69d057a117_mv2.png]
[pusse/files/photo_2024-04-01_20-30-07.jpg]
[pusse/files/DUPEPFP (2).png]
[pusse/files/photo_2024-03-27_20-09-05.jpg]
[pusse/files/photo_2024-03-27_20-09-06.jpg]
[pusse/files/33fc2a_d2e62434a7654c0d99e7fc4b81344f09_mv2.jpg]
[pusse/index.html]
[static.parastorage.com/services/wix-thunderbolt/dist/main.c1956e3f.min.css]
